[[{20,
   22,
   24,
   28,
   44,
   48,
   50,
   65,
   68,
   70,
   72,
   80,
   88,
   92,
   104,
   112,
   142,
   146,
   150,
   152,
   154,
   156,
   158,
   160,
   162,
   168,
   170,
   176,
   180,
   184,
   192},
  {0, 4, 14, 16, 30, 31, 36, 54, 58, 96, 100, 188},
  {3, 8, 10, 30, 32, 53},
  {26, 40, 43, 58},
  {6, 42, 110, 120, 134, 138},
  {74, 83, 108, 198}],
 [{0,
   10,
   24,
   28,
   52,
   68,
   72,
   74,
   86,
   88,
   94,
   101,
   109,
   114,
   166,
   168,
   170,
   196,
   212,
   214,
   230,
   242,
   258,
   276,
   298,
   306,
   310,
   312,
   316,
   318,
   324,
   338,
   344,
   350,
   360,
   362,
   374,
   378,
   380,
   384},
  {1,
   11,
   16,
   26,
   32,
   34,
   36,
   38,
   44,
   58,
   64,
   66,
   70,
   76,
   80,
   122,
   124,
   182,
   192},
  {59,
   63,
   78,
   128,
   132,
   140,
   142,
   144,
   150,
   158,
   162,
   206,
   222,
   240,
   388,
   392},
  {8, 18, 20, 96, 102, 176, 177, 180, 186, 194, 220, 260, 342},
  {40, 50, 92, 100, 106, 151, 168, 200, 204, 254},
  {60, 94, 95, 120, 130, 164, 176, 198, 252, 314},
  {30, 41, 193, 228, 256},
  {7, 125, 268},
  {147, 166, 216},
  {4, 45, 92},
  {3, 31}]]
