[[{2,
   4,
   8,
   12,
   14,
   15,
   22,
   40,
   44,
   60,
   62,
   72,
   74,
   78,
   80,
   96,
   100,
   114,
   116,
   118,
   140,
   158,
   166,
   176},
  {0,
   18,
   36,
   64,
   68,
   70,
   76,
   82,
   85,
   94,
   132,
   134,
   136,
   142,
   150,
   154,
   182,
   184,
   186,
   190,
   198},
  {10, 24, 27, 84, 104, 108, 128, 146, 148, 164, 194, 196},
  {6, 28, 52, 86, 89, 144},
  {25, 42, 44, 106, 110},
  {6, 51}],
 [{34,
   42,
   43,
   47,
   48,
   58,
   70,
   78,
   84,
   96,
   100,
   104,
   112,
   130,
   194,
   202,
   204,
   212,
   222,
   228,
   232,
   268,
   284,
   286,
   288,
   302,
   304,
   322,
   328,
   338,
   344,
   346,
   348,
   360,
   370,
   376,
   378,
   380,
   390},
  {8,
   32,
   108,
   110,
   116,
   121,
   125,
   156,
   160,
   164,
   168,
   174,
   176,
   178,
   196,
   246,
   258,
   260,
   290,
   326,
   334,
   352,
   384},
  {38,
   41,
   60,
   62,
   68,
   172,
   184,
   190,
   192,
   216,
   262,
   270,
   280,
   294,
   298,
   354,
   368},
  {2,
   90,
   98,
   112,
   170,
   186,
   218,
   226,
   292,
   296,
   318,
   356,
   374,
   382,
   386,
   388,
   396},
  {80, 148, 165, 166, 188, 214, 220, 238, 272},
  {16, 36, 46, 51, 170, 276, 324, 366, 394},
  {10, 124, 146, 153, 264},
  {14, 38, 59, 60, 126, 132, 136, 152, 210},
  {2, 90, 138, 398},
  {10, 26, 64}],
 [{80,
   81,
   130,
   140,
   142,
   146,
   150,
   152,
   154,
   156,
   158,
   168,
   170,
   176,
   180,
   184,
   188,
   192,
   200,
   202,
   206,
   208,
   210,
   226,
   228,
   234,
   242,
   246,
   248,
   262,
   264,
   266,
   314,
   326,
   328,
   336,
   338,
   340,
   342,
   358,
   362,
   366,
   372,
   396,
   398,
   410,
   430,
   492},
  {224,
   225,
   412,
   414,
   422,
   452,
   456,
   462,
   478,
   504,
   510,
   520,
   522,
   534,
   536,
   538,
   540,
   542,
   552,
   554,
   556,
   558,
   560,
   564,
   566,
   576,
   578,
   596},
  {22,
   24,
   30,
   32,
   88,
   92,
   104,
   106,
   185,
   187,
   238,
   250,
   252,
   258,
   260,
   272,
   284,
   332,
   334,
   346,
   356,
   376,
   390,
   392,
   418,
   424,
   426,
   432},
  {26,
   40,
   44,
   48,
   50,
   60,
   62,
   220,
   221,
   222,
   224,
   300,
   304,
   416,
   438,
   440,
   446,
   458},
  {0, 4, 14, 16, 20, 28, 36, 58, 68, 72, 80, 96, 100, 112, 158, 159, 232, 330},
  {110, 138, 145, 146, 274, 280, 282, 286, 288, 294, 382, 484, 496},
  {108, 198, 204, 214, 245, 474, 488, 506, 590},
  {238, 240, 494, 498, 508, 512, 532, 568, 594},
  {291, 292, 482, 514, 526, 588},
  {6, 8, 43, 58, 84, 500},
  {108, 120, 122, 134, 148, 166},
  {236, 272},
  {6, 262}]]